빌드 시작: 2017-01-08 오후 3:50:48
     1>2 노드의 "I:\Ubuntu\Streaming\StreamServer\StreamServer.vcxproj" 프로젝트(Build 대상)입니다.
       프로젝트 파일에 ToolsVersion="14.0"이(가) 들어 있습니다. 이 도구 집합은 알 수 없거나 누락되었을 수 있습니다. 이 경우 적절한 버전의 MSBuild를 설치하여 이 문제를 해결할 수 있습니다. 그렇지 않으면 빌드가 정책상의 이유로 특정 ToolsVersion이 될 수 있습니다. 프로젝트에 ToolsVersion="4.0"이 들어 있는 것으로 간주합니다. 자세한 내용은 http://go.microsoft.com/fwlink/?LinkId=291333을 참조하십시오.
     1>ClCompile:
         C:\Program Files (x86)\Microsoft Visual Studio 11.0\VC\bin\x86_amd64\CL.exe /c /I./ /I../Common/ /I../Codec/ /I../Multiplex/ /I../FFMPEG/include /I./Stream /Zi /nologo /W3 /WX- /Od /D WIN32 /D _WINDOWS /D _DEBUG /D _CONSOLE /D __STDC_CONSTANT_MACROS /D __STDC_FORMAT_MACROS /D _WINDOWS /D _CRT_SECURE_NO_WARNINGS /D _MBCS /Gm- /EHsc /RTC1 /MDd /GS /fp:precise /Zc:wchar_t /Zc:forScope /Yu"stdafx.h" /Fp"x64\Debug\StreamServer.pch" /Fo"x64\Debug\\" /Fd"x64\Debug\vc110.pdb" /Gd /TP /errorReport:prompt Stream\StreamSource.cpp Stream\StreamThread.cpp
         StreamSource.cpp
     1>i:\ubuntu\streaming\ffmpeg\include\libavutil\rational.h : warning C4819: 현재 코드 페이지(949)에서 표시할 수 없는 문자가 파일에 들어 있습니다. 데이터가 손실되지 않게 하려면 해당 파일을 유니코드 형식으로 저장하십시오.
     1>I:\Ubuntu\Streaming\FFMPEG\include\libavutil/rational.h : warning C4819: 현재 코드 페이지(949)에서 표시할 수 없는 문자가 파일에 들어 있습니다. 데이터가 손실되지 않게 하려면 해당 파일을 유니코드 형식으로 저장하십시오.
     1>I:\Ubuntu\Streaming\Codec\Common.h(85): warning C4200: 비표준 확장이 사용됨 : 구조체/공용 구조체의 배열 크기가 0입니다.
                 UDT에 크기가 0인 배열이 있는 경우 복사 생성자 또는 복사 할당 연산자를 생성할 수 없습니다.
     1>Stream\StreamSource.cpp(96): warning C4267: '초기화 중' : 'size_t'에서 'int'(으)로 변환하면서 데이터가 손실될 수 있습니다.
     1>Stream\StreamSource.cpp(147): warning C4244: '인수' : 'uint64_t'에서 'UINT'(으)로 변환하면서 데이터가 손실될 수 있습니다.
     1>Stream\StreamSource.cpp(291): warning C4244: '인수' : 'int64_t'에서 'UINT'(으)로 변환하면서 데이터가 손실될 수 있습니다.
     1>Stream\StreamSource.cpp(302): warning C4244: '인수' : 'int64_t'에서 'UINT'(으)로 변환하면서 데이터가 손실될 수 있습니다.
     1>Stream\StreamSource.cpp(568): warning C4244: '인수' : 'int64_t'에서 'unsigned int'(으)로 변환하면서 데이터가 손실될 수 있습니다.
     1>Stream\StreamSource.cpp(574): warning C4244: '인수' : 'int64_t'에서 'unsigned int'(으)로 변환하면서 데이터가 손실될 수 있습니다.
     1>Stream\StreamSource.cpp(587): warning C4244: '인수' : 'int64_t'에서 'UINT'(으)로 변환하면서 데이터가 손실될 수 있습니다.
         StreamThread.cpp
     1>i:\ubuntu\streaming\ffmpeg\include\libavutil\rational.h : warning C4819: 현재 코드 페이지(949)에서 표시할 수 없는 문자가 파일에 들어 있습니다. 데이터가 손실되지 않게 하려면 해당 파일을 유니코드 형식으로 저장하십시오.
     1>I:\Ubuntu\Streaming\FFMPEG\include\libavutil/rational.h : warning C4819: 현재 코드 페이지(949)에서 표시할 수 없는 문자가 파일에 들어 있습니다. 데이터가 손실되지 않게 하려면 해당 파일을 유니코드 형식으로 저장하십시오.
     1>I:\Ubuntu\Streaming\Codec\Common.h(85): warning C4200: 비표준 확장이 사용됨 : 구조체/공용 구조체의 배열 크기가 0입니다.
                 UDT에 크기가 0인 배열이 있는 경우 복사 생성자 또는 복사 할당 연산자를 생성할 수 없습니다.
         코드를 생성하고 있습니다...
       Link:
         C:\Program Files (x86)\Microsoft Visual Studio 11.0\VC\bin\x86_amd64\link.exe /ERRORREPORT:PROMPT /OUT:"I:\Ubuntu\Streaming\StreamServer\x64\Debug\StreamServer.exe" /INCREMENTAL /NOLOGO /LIBPATH:../FFMPEG/lib/64bit kernel32.lib user32.lib gdi32.lib winspool.lib comdlg32.lib advapi32.lib shell32.lib ole32.lib oleaut32.lib uuid.lib odbc32.lib odbccp32.lib /MANIFEST /MANIFESTUAC:"level='asInvoker' uiAccess='false'" /manifest:embed /DEBUG /PDB:"I:\Ubuntu\Streaming\StreamServer\x64\Debug\StreamServer.pdb" /SUBSYSTEM:CONSOLE /TLBID:1 /DYNAMICBASE /NXCOMPAT /IMPLIB:"I:\Ubuntu\Streaming\StreamServer\x64\Debug\StreamServer.lib" /MACHINE:X64 x64\Debug\Codec.obj
         x64\Debug\CodecManager.obj
         x64\Debug\Decoder.obj
         x64\Debug\Encoder.obj
         x64\Debug\ConnectSocket.obj
         x64\Debug\SocketThread.obj
         x64\Debug\Demuxer.obj
         x64\Debug\ListenSocket.obj
         x64\Debug\SessionThread.obj
         x64\Debug\SessionSocket.obj
         x64\Debug\StreamServer.obj
         x64\Debug\stdafx.obj
         x64\Debug\StreamSource.obj
         x64\Debug\StreamThread.obj
         StreamServer.vcxproj -> I:\Ubuntu\Streaming\StreamServer\x64\Debug\StreamServer.exe
     1>"I:\Ubuntu\Streaming\StreamServer\StreamServer.vcxproj" 프로젝트를 빌드했습니다(Build 대상).

빌드했습니다.

경과 시간: 00:00:00.89
